
Status: FAILED!
Check: 1
Test: 
Reason: 
Error : RuntimeError - There was an issue compiling the c++ files.
Timestamp: 2024-12-11 07:06:15.492871

Status: FAILED!
Check: 2
Test: 
Reason: 
Error : RuntimeError - There was an issue compiling the c++ files.
Timestamp: 2024-12-11 07:06:15.492988

Status: FAILED!
Check: 4
Test: 
Reason: 
Error : RuntimeError - There was an issue compiling the c++ files.
Timestamp: 2024-12-11 07:06:15.493171
