
Status: FAILED!
Check: 1
Test: `iostream` header file included
Reason: Unable to find '#include <iostream>' in the program.
Error : str - AssertionError
Timestamp: 2024-10-29 04:11:24.390967
