
Status: FAILED!
Check: 1
Test: Correct variable values printed to screen
Reason: Unable to find '['(125)(?!\\d)', '(28)(?!\\d)', '(\\-25)(?!\\d)', '(42)(?!\\d)']' in the program's output.
.
Error : AssertionError - Unable to find (125)(?!\d) in the program's output.
Timestamp: 2024-10-29 04:15:07.364139
