
Status: FAILED!
Check: 1
Test: Correct namespace statement used
Reason: Unable to find 'using namespace std; ' in the program.
Error : str - AssertionError
Timestamp: 2024-10-29 04:11:24.391331
