
Status: PASSED!
Check: 1
Test: Check for function `menu`
Reason: void menu + ` was found in the program.None
Timestamp: 2024-12-03 15:36:35.330623

Status: PASSED!
Check: 2
Test: Check for function `addFractions`
Reason: void addFractions( + ` was found in the program.None
Timestamp: 2024-12-03 15:36:35.330901

Status: PASSED!
Check: 3
Test: Check for function `subtractFractions`
Reason: void subtractFractions( + ` was found in the program.None
Timestamp: 2024-12-03 15:36:35.331158

Status: PASSED!
Check: 4
Test: Check for function `multiplyFractions`
Reason: void.multiplyFractions\( + ` was found in the program.None
Timestamp: 2024-12-03 15:36:35.331363

Status: PASSED!
Check: 5
Test: Check for function `divideFractions`
Reason: void divideFractions + ` was found in the program.None
Timestamp: 2024-12-03 15:36:35.331556

Status: FAILED!
Reason: Unable to run main.cpp
Error: The program took longer than 5 seconds to execute.
This may indicate an issue providing input to your program.
Check your program follows the example in the instructions.
Timestamp: 2024-12-03 15:36:40.378133

Status: FAILED!
Reason: Unable to run main.cpp
Error: The program took longer than 5 seconds to execute.
This may indicate an issue providing input to your program.
Check your program follows the example in the instructions.
Timestamp: 2024-12-03 15:36:40.378238
