
Status: FAILED!
Check: 1
Test: Test case 1
Reason: Unable to find '['pi = 3.25237']' in the program's output.
Enter the value of n: 
pi = 3.252365934718877
.
Error : AssertionError - Unable to find pi = 3.25237 in the program's output.
Timestamp: 2024-11-15 10:23:00.510378

Status: PASSED!
Check: 2
Test: Test case 2
Reason: None
Timestamp: 2024-11-15 10:23:00.512664

Status: PASSED!
Check: 3
Test: Test case 3
Reason: None
Timestamp: 2024-11-15 10:23:00.514836
